<?xml version="1.0" encoding="UTF-8"?>
<!-- Generated by org.testng.reporters.JUnitReportReporter -->
<testsuite hostname="Eclat" failures="0" tests="1" name="demo_WD.demo_WD.Test1" time="10.187" errors="0" timestamp="2024-06-16T22:52:39 IST" skipped="0">
  <testcase classname="demo_WD.demo_WD.Test1" name="amazonlogin" time="10.187"/>
  <system-out/>
</testsuite> <!-- demo_WD.demo_WD.Test1 -->
